<?xml version="1.0" encoding="UTF-8"?>
<!-- Generated by org.testng.reporters.JUnitXMLReporter -->
<testsuite ignored="0" hostname="MAVLT1216" failures="0" tests="3" name="Test2" time="25.46" errors="0" timestamp="2023-11-19T21:04:33 IST">
  <testcase classname="shopperstack.logintest.AddAddress" name="addressAddition" time="0.001"/>
  <testcase classname="shopperstack.logintest.TestAddresschange" name="ChangeAddress" time="0.0">
    <skipped/>
  </testcase> <!-- ChangeAddress -->
  <testcase classname="shopperstack.logintest.ProductSearchTest" name="testProductSearch" time="0.0">
    <skipped/>
  </testcase> <!-- testProductSearch -->
</testsuite> <!-- Test2 -->
