<?xml version="1.0" encoding="UTF-8"?>
<!-- Generated by org.testng.reporters.JUnitXMLReporter -->
<testsuite ignored="0" hostname="MAVLT1216" failures="0" tests="3" name="Test1" time="19.948" errors="0" timestamp="2023-11-19T21:04:08 IST">
  <testcase classname="shopperstack.logintest.AddAddress" name="addressAddition" time="0.006"/>
  <testcase classname="shopperstack.logintest.ProductSearchTest" name="testProductSearch" time="2.054"/>
  <testcase classname="shopperstack.logintest.TestAddresschange" name="ChangeAddress" time="2.874"/>
</testsuite> <!-- Test1 -->
